<?xml version="1.0" encoding="UTF-8"?>
<?xml-stylesheet type="text/xsl" href="/main.xsl"?>
<b:blog xmlns="http://www.w3.org/1999/xhtml" xmlns:b="http://blog.othree.net"  xmlns:xsi="http://www.w3.org/2001/XMLSchema-instance" xsi:schemaLocation="http://blog.othree.net http://blog.othree.net/blooog.xsd">
	<b:blogTitle>O3noBLOG</b:blogTitle>
	<b:blogDescription></b:blogDescription>
	<b:entries>
		<b:entriesMeta>
			<b:listType>s</b:listType>
			<b:listData listID="000896" baseName="test-commonmark">Test CommonMark syntax</b:listData>

			<b:previous>
				<b:mTitle>Vim Packages</b:mTitle>
				<b:mDate>2017-05-02</b:mDate>
				<b:mBase>vim-packages</b:mBase>
			</b:previous>


			<b:next>
				<b:mTitle>MovableType and CommonMark</b:mTitle>
				<b:mDate>2017-05-07</b:mDate>
				<b:mBase>movabletype-and-commonmark</b:mBase>
			</b:next>

		</b:entriesMeta>
		<b:entry entryID="000896" baseName="test-commonmark">
			<b:author>
				<b:authorName>othree</b:authorName>
				<b:authorEmail>othree@gmail.com</b:authorEmail>
				<b:authorUrl></b:authorUrl>
			</b:author>
			<b:datetime>
				<b:date>2017-05-05</b:date>
				<b:time>11:17:36</b:time>
			</b:datetime>
			<b:category>about</b:category>

			<b:CommentsAccepted>0</b:CommentsAccepted>


			<b:PingsAccepted>0</b:PingsAccepted>

			<b:title>Test CommonMark syntax</b:title>
			<b:content>
				<b:summary>Fenced code block var a = 1;...</b:summary>
				<b:mainContent><p>Fenced code block</p>
<pre><code class="language-javascript">var a = 1;
</code></pre>
</b:mainContent>
				<b:extendContent></b:extendContent>
			</b:content>
			<b:comments commentCount="0">

			</b:comments>
			<b:trackbacks trackbackCount="0" trackbackURL="">

			</b:trackbacks>
		</b:entry>
	</b:entries>
</b:blog>