<?xml version="1.0" encoding="utf-8"?>
<rss version="2.0">
  <channel>
    <title>O3noBLOG: Microfeed for "Test CommonMark syntax"</title>
    <link>http://blog.othree.net/log/2017/05/05/test-commonmark/</link>
    <description>Comments for the entry "Test CommonMark syntax"</description>
    <language>zh-tw</language>
    <generator>Movable Type v4.381</generator>
    <docs>http://blogs.law.harvard.edu/tech/rss</docs>

  </channel>
</rss>